<?xml version="1.0" encoding="UTF-8"?>
<testsuite name="com.thoughtworks.homework.service.UserServiceTest" tests="0" skipped="0" failures="0" errors="0" timestamp="1970-01-01T00:00:00" hostname="Linjings-MacBook-Pro.local" time="0.0">
  <properties/>
  <system-out><![CDATA[17:20:28.871 [Test worker] DEBUG org.springframework.test.context.junit4.SpringJUnit4ClassRunner - SpringJUnit4ClassRunner constructor called with [class com.thoughtworks.homework.service.UserServiceTest]
17:20:28.877 [Test worker] DEBUG org.springframework.test.context.BootstrapUtils - Instantiating CacheAwareContextLoaderDelegate from class [org.springframework.test.context.cache.DefaultCacheAwareContextLoaderDelegate]
17:20:28.887 [Test worker] DEBUG org.springframework.test.context.BootstrapUtils - Instantiating BootstrapContext using constructor [public org.springframework.test.context.support.DefaultBootstrapContext(java.lang.Class,org.springframework.test.context.CacheAwareContextLoaderDelegate)]
17:20:28.934 [Test worker] DEBUG org.springframework.test.context.BootstrapUtils - Instantiating TestContextBootstrapper for test class [com.thoughtworks.homework.service.UserServiceTest] from class [org.springframework.boot.test.context.SpringBootTestContextBootstrapper]
17:20:28.955 [Test worker] INFO org.springframework.boot.test.context.SpringBootTestContextBootstrapper - Neither @ContextConfiguration nor @ContextHierarchy found for test class [com.thoughtworks.homework.service.UserServiceTest], using SpringBootContextLoader
17:20:28.962 [Test worker] DEBUG org.springframework.test.context.support.AbstractContextLoader - Did not detect default resource location for test class [com.thoughtworks.homework.service.UserServiceTest]: class path resource [com/thoughtworks/homework/service/UserServiceTest-context.xml] does not exist
17:20:28.963 [Test worker] DEBUG org.springframework.test.context.support.AbstractContextLoader - Did not detect default resource location for test class [com.thoughtworks.homework.service.UserServiceTest]: class path resource [com/thoughtworks/homework/service/UserServiceTestContext.groovy] does not exist
17:20:28.963 [Test worker] INFO org.springframework.test.context.support.AbstractContextLoader - Could not detect default resource locations for test class [com.thoughtworks.homework.service.UserServiceTest]: no resource found for suffixes {-context.xml, Context.groovy}.
17:20:28.964 [Test worker] INFO org.springframework.test.context.support.AnnotationConfigContextLoaderUtils - Could not detect default configuration classes for test class [com.thoughtworks.homework.service.UserServiceTest]: UserServiceTest does not declare any static, non-private, non-final, nested classes annotated with @Configuration.
17:20:29.007 [Test worker] DEBUG org.springframework.test.context.support.ActiveProfilesUtils - Could not find an 'annotation declaring class' for annotation type [org.springframework.test.context.ActiveProfiles] and class [com.thoughtworks.homework.service.UserServiceTest]
17:20:29.123 [Test worker] DEBUG org.springframework.context.annotation.ClassPathScanningCandidateComponentProvider - Identified candidate component class: file [/Users/linjing.cao/TW_springBootTest/build/classes/java/main/com/thoughtworks/homework/Application.class]
17:20:29.125 [Test worker] INFO org.springframework.boot.test.context.SpringBootTestContextBootstrapper - Found @SpringBootConfiguration com.thoughtworks.homework.Application for test class com.thoughtworks.homework.service.UserServiceTest
17:20:29.269 [Test worker] DEBUG org.springframework.boot.test.context.SpringBootTestContextBootstrapper - @TestExecutionListeners is not present for class [com.thoughtworks.homework.service.UserServiceTest]: using defaults.
17:20:29.270 [Test worker] INFO org.springframework.boot.test.context.SpringBootTestContextBootstrapper - Loaded default TestExecutionListener class names from location [META-INF/spring.factories]: [org.springframework.security.test.context.support.WithSecurityContextTestExecutionListener, org.springframework.security.test.context.support.ReactorContextTestExecutionListener, org.springframework.boot.test.autoconfigure.restdocs.RestDocsTestExecutionListener, org.springframework.boot.test.autoconfigure.web.client.MockRestServiceServerResetTestExecutionListener, org.springframework.boot.test.autoconfigure.web.servlet.MockMvcPrintOnlyOnFailureTestExecutionListener, org.springframework.boot.test.autoconfigure.web.servlet.WebDriverTestExecutionListener, org.springframework.boot.test.mock.mockito.MockitoTestExecutionListener, org.springframework.boot.test.mock.mockito.ResetMocksTestExecutionListener, org.springframework.test.context.web.ServletTestExecutionListener, org.springframework.test.context.support.DirtiesContextBeforeModesTestExecutionListener, org.springframework.test.context.support.DependencyInjectionTestExecutionListener, org.springframework.test.context.support.DirtiesContextTestExecutionListener, org.springframework.test.context.transaction.TransactionalTestExecutionListener, org.springframework.test.context.jdbc.SqlScriptsTestExecutionListener]
17:20:29.289 [Test worker] INFO org.springframework.boot.test.context.SpringBootTestContextBootstrapper - Using TestExecutionListeners: [org.springframework.test.context.web.ServletTestExecutionListener@2372ff, org.springframework.test.context.support.DirtiesContextBeforeModesTestExecutionListener@63b528e, org.springframework.boot.test.mock.mockito.MockitoTestExecutionListener@1474d789, org.springframework.boot.test.autoconfigure.SpringBootDependencyInjectionTestExecutionListener@22bf2c91, org.springframework.test.context.support.DirtiesContextTestExecutionListener@399016b3, org.springframework.test.context.transaction.TransactionalTestExecutionListener@65e38c2d, org.springframework.test.context.jdbc.SqlScriptsTestExecutionListener@5799d787, org.springframework.security.test.context.support.WithSecurityContextTestExecutionListener@c99b241, org.springframework.security.test.context.support.ReactorContextTestExecutionListener@358518ef, org.springframework.boot.test.autoconfigure.restdocs.RestDocsTestExecutionListener@4c7e7896, org.springframework.boot.test.autoconfigure.web.client.MockRestServiceServerResetTestExecutionListener@5542bb71, org.springframework.boot.test.autoconfigure.web.servlet.MockMvcPrintOnlyOnFailureTestExecutionListener@14880022, org.springframework.boot.test.autoconfigure.web.servlet.WebDriverTestExecutionListener@9d7303c, org.springframework.boot.test.mock.mockito.ResetMocksTestExecutionListener@36d25358]
17:20:29.292 [Test worker] DEBUG org.springframework.test.annotation.ProfileValueUtils - Retrieved @ProfileValueSourceConfiguration [null] for test class [com.thoughtworks.homework.service.UserServiceTest]
17:20:29.293 [Test worker] DEBUG org.springframework.test.annotation.ProfileValueUtils - Retrieved ProfileValueSource type [class org.springframework.test.annotation.SystemProfileValueSource] for class [com.thoughtworks.homework.service.UserServiceTest]
]]></system-out>
  <system-err><![CDATA[]]></system-err>
</testsuite>
